24604: 00:02:34.781 - ---
24604: 00:02:34.781 - Service: "Photon Socket Server" starting
24604: 00:02:34.781 - Config File: C:\Users\jiaaa\Desktop\Photon\deploy\bin_Win64\PhotonServer.config
24604: 00:02:34.785 - Will produce at most: 10 crash dumps
24604: 00:02:34.785 - Construction of service object complete
24604: 00:02:34.785 - Service shutting down
24604: 00:02:34.787 - Service shut down complete
30100: 00:10:56.239 - ---
30100: 00:10:56.239 - Service: "Photon Socket Server" starting
30100: 00:10:56.239 - Config File: C:\Users\jiaaa\Desktop\Photon\deploy\bin_Win64\PhotonServer.config
30100: 00:10:56.243 - Will produce at most: 10 crash dumps
30100: 00:10:56.243 - Construction of service object complete
30100: 00:10:56.243 - Service shutting down
30100: 00:10:56.245 - Service shut down complete
21576: 00:20:35.072 - ---
21576: 00:20:35.072 - Service: "Photon Socket Server" starting
21576: 00:20:35.072 - Config File: C:\Users\jiaaa\Desktop\Photon\deploy\bin_Win64\PhotonServer.config
21576: 00:20:35.080 - Will produce at most: 10 crash dumps
21576: 00:20:35.080 - Construction of service object complete
21576: 00:20:35.080 - Service shutting down
21576: 00:20:35.084 - Service shut down complete
4512: 00:23:42.845 - ---
4512: 00:23:42.845 - Service: "Photon Socket Server" starting
4512: 00:23:42.845 - Config File: C:\Users\jiaaa\Desktop\Photon\deploy\bin_Win64\PhotonServer.config
4512: 00:23:42.847 - Will produce at most: 10 crash dumps
4512: 00:23:42.847 - Construction of service object complete
4512: 00:23:42.847 - Service shutting down
4512: 00:23:42.848 - Service shut down complete
26956: 00:24:43.308 - ---
26956: 00:24:43.308 - Service: "Photon Socket Server" starting
26956: 00:24:43.308 - Config File: C:\Users\jiaaa\Desktop\Photon\deploy\bin_Win64\PhotonServer.config
26956: 00:24:43.311 - Will produce at most: 10 crash dumps
26956: 00:24:43.311 - Construction of service object complete
26956: 00:24:43.311 - Service shutting down
26956: 00:24:43.312 - Service shut down complete
25392: 00:26:34.823 - ---
25392: 00:26:34.823 - Service: "Photon Socket Server" starting
25392: 00:26:34.823 - Config File: C:\Users\jiaaa\Desktop\Photon\deploy\bin_Win64\PhotonServer.config
25392: 00:26:34.825 - Will produce at most: 10 crash dumps
25392: 00:26:34.825 - Construction of service object complete
25392: 00:26:34.825 - Service shutting down
25392: 00:26:34.826 - Service shut down complete
23176: 00:28:25.113 - ---
23176: 00:28:25.113 - Service: "Photon Socket Server" starting
23176: 00:28:25.113 - Config File: C:\Users\jiaaa\Desktop\Photon\deploy\bin_Win64\PhotonServer.config
23176: 00:28:25.115 - Will produce at most: 10 crash dumps
23176: 00:28:25.115 - Construction of service object complete
23176: 00:28:25.115 - Service shutting down
23176: 00:28:25.116 - Service shut down complete
12256: 00:29:23.845 - ---
12256: 00:29:23.845 - Service: "Photon Socket Server" starting
12256: 00:29:23.845 - Config File: C:\Users\jiaaa\Desktop\Photon\deploy\bin_Win64\PhotonServer.config
12256: 00:29:23.847 - Will produce at most: 10 crash dumps
12256: 00:29:23.847 - Construction of service object complete
12256: 00:29:23.847 - Service shutting down
12256: 00:29:23.848 - Service shut down complete
26152: 00:30:39.379 - ---
26152: 00:30:39.379 - Service: "Photon Socket Server" starting
26152: 00:30:39.379 - Config File: C:\Users\jiaaa\Desktop\Photon\deploy\bin_Win64\PhotonServer.config
26152: 00:30:39.381 - Will produce at most: 10 crash dumps
26152: 00:30:39.381 - Construction of service object complete
26152: 00:30:39.381 - Service shutting down
26152: 00:30:39.382 - Service shut down complete
6524: 00:40:59.571 - ---
6524: 00:40:59.571 - Service: "Photon Socket Server" starting
6524: 00:40:59.571 - Config File: C:\Users\jiaaa\Desktop\Photon\deploy\bin_Win64\PhotonServer.config
6524: 00:40:59.575 - Will produce at most: 10 crash dumps
6524: 00:40:59.575 - Construction of service object complete
6524: 00:40:59.575 - Service shutting down
6524: 00:40:59.578 - Service shut down complete
26136: 00:48:54.740 - ---
26136: 00:48:54.741 - Service: "Photon Socket Server" starting
26136: 00:48:54.741 - Config File: C:\Users\jiaaa\Desktop\Photon\deploy\bin_Win64\PhotonServer.config
26136: 00:48:54.744 - Will produce at most: 10 crash dumps
26136: 00:48:54.744 - Construction of service object complete
26136: 00:48:54.744 - Service shutting down
26136: 00:48:54.747 - Service shut down complete
17704: 01:01:11.539 - ---
17704: 01:01:11.539 - Service: "Photon Socket Server" starting
17704: 01:01:11.539 - Config File: C:\Users\jiaaa\Desktop\Photon\deploy\bin_Win64\PhotonServer.config
17704: 01:01:11.545 - Will produce at most: 10 crash dumps
17704: 01:01:11.545 - Construction of service object complete
17704: 01:01:11.545 - Service shutting down
17704: 01:01:11.547 - Service shut down complete
29080: 01:40:11.819 - ---
29080: 01:40:11.820 - Service: "Photon Socket Server" starting
29080: 01:40:11.820 - Config File: C:\Users\jiaaa\Desktop\Photon\deploy\bin_Win64\PhotonServer.config
29080: 01:40:11.823 - Will produce at most: 10 crash dumps
29080: 01:40:11.823 - Construction of service object complete
29080: 01:40:11.823 - Service shutting down
29080: 01:40:11.825 - Service shut down complete
6444: 02:23:36.588 - ---
6444: 02:23:36.588 - Service: "Photon Socket Server" starting
6444: 02:23:36.588 - Config File: C:\Users\jiaaa\Desktop\Photon\deploy\bin_Win64\PhotonServer.config
6444: 02:23:36.591 - Will produce at most: 10 crash dumps
6444: 02:23:36.591 - Construction of service object complete
6444: 02:23:36.591 - Service shutting down
6444: 02:23:36.592 - Service shut down complete
22156: 02:30:05.228 - ---
22156: 02:30:05.228 - Service: "Photon Socket Server" starting
22156: 02:30:05.228 - Config File: C:\Users\jiaaa\Desktop\Photon\deploy\bin_Win64\PhotonServer.config
22156: 02:30:05.231 - Will produce at most: 10 crash dumps
22156: 02:30:05.231 - Construction of service object complete
22156: 02:30:05.231 - Service shutting down
22156: 02:30:05.234 - Service shut down complete
17308: 02:31:23.563 - ---
17308: 02:31:23.563 - Service: "Photon Socket Server" starting
17308: 02:31:23.563 - Config File: C:\Users\jiaaa\Desktop\Photon\deploy\bin_Win64\PhotonServer.config
17308: 02:31:23.568 - Will produce at most: 10 crash dumps
17308: 02:31:23.568 - Construction of service object complete
17308: 02:31:23.568 - Service shutting down
17308: 02:31:23.570 - Service shut down complete
19144: 02:34:48.475 - ---
19144: 02:34:48.475 - Service: "Photon Socket Server" starting
19144: 02:34:48.475 - Config File: C:\Users\jiaaa\Desktop\Photon\deploy\bin_Win64\PhotonServer.config
19144: 02:34:48.480 - Will produce at most: 10 crash dumps
19144: 02:34:48.480 - Construction of service object complete
19144: 02:34:48.480 - Service shutting down
19144: 02:34:48.481 - Service shut down complete
19284: 02:35:51.794 - ---
19284: 02:35:51.795 - Service: "Photon Socket Server" starting
19284: 02:35:51.795 - Config File: C:\Users\jiaaa\Desktop\Photon\deploy\bin_Win64\PhotonServer.config
19284: 02:35:51.797 - Will produce at most: 10 crash dumps
19284: 02:35:51.797 - Construction of service object complete
19284: 02:35:51.797 - Service shutting down
19284: 02:35:51.798 - Service shut down complete
33324: 02:39:54.434 - ---
33324: 02:39:54.434 - Service: "Photon Socket Server" starting
33324: 02:39:54.434 - Config File: C:\Users\jiaaa\Desktop\Photon\deploy\bin_Win64\PhotonServer.config
33324: 02:39:54.440 - Will produce at most: 10 crash dumps
33324: 02:39:54.440 - Construction of service object complete
33324: 02:39:54.441 - Service shutting down
33324: 02:39:54.443 - Service shut down complete
12236: 02:41:00.943 - ---
12236: 02:41:00.943 - Service: "Photon Socket Server" starting
12236: 02:41:00.944 - Config File: C:\Users\jiaaa\Desktop\Photon\deploy\bin_Win64\PhotonServer.config
12236: 02:41:00.948 - Will produce at most: 10 crash dumps
12236: 02:41:00.948 - Construction of service object complete
12236: 02:41:00.948 - Service shutting down
12236: 02:41:00.950 - Service shut down complete
29052: 02:45:47.470 - ---
29052: 02:45:47.470 - Service: "Photon Socket Server" starting
29052: 02:45:47.470 - Config File: C:\Users\jiaaa\Desktop\Photon\deploy\bin_Win64\PhotonServer.config
29052: 02:45:47.472 - Will produce at most: 10 crash dumps
29052: 02:45:47.472 - Construction of service object complete
29052: 02:45:47.472 - Service shutting down
29052: 02:45:47.474 - Service shut down complete
20832: 02:47:35.176 - ---
20832: 02:47:35.176 - Service: "Photon Socket Server" starting
20832: 02:47:35.176 - Config File: C:\Users\jiaaa\Desktop\Photon\deploy\bin_Win64\PhotonServer.config
20832: 02:47:35.180 - Will produce at most: 10 crash dumps
20832: 02:47:35.180 - Construction of service object complete
20832: 02:47:35.180 - Service shutting down
20832: 02:47:35.181 - Service shut down complete
35296: 02:56:56.951 - ---
35296: 02:56:56.951 - Service: "Photon Socket Server" starting
35296: 02:56:56.951 - Config File: C:\Users\jiaaa\Desktop\Photon\deploy\bin_Win64\PhotonServer.config
35296: 02:56:56.956 - Will produce at most: 10 crash dumps
35296: 02:56:56.956 - Construction of service object complete
35296: 02:56:56.956 - Service shutting down
35296: 02:56:56.963 - Service shut down complete
24680: 03:02:54.230 - ---
24680: 03:02:54.230 - Service: "Photon Socket Server" starting
24680: 03:02:54.230 - Config File: C:\Users\jiaaa\Desktop\Photon\deploy\bin_Win64\PhotonServer.config
24680: 03:02:54.234 - Will produce at most: 10 crash dumps
24680: 03:02:54.234 - Construction of service object complete
24680: 03:02:54.234 - Service shutting down
24680: 03:02:54.235 - Service shut down complete
36380: 03:08:13.404 - ---
36380: 03:08:13.404 - Service: "Photon Socket Server" starting
36380: 03:08:13.404 - Config File: C:\Users\jiaaa\Desktop\Photon\deploy\bin_Win64\PhotonServer.config
36380: 03:08:13.407 - Will produce at most: 10 crash dumps
36380: 03:08:13.407 - Construction of service object complete
36380: 03:08:13.407 - Service shutting down
36380: 03:08:13.409 - Service shut down complete
24628: 03:11:03.824 - ---
24628: 03:11:03.824 - Service: "Photon Socket Server" starting
24628: 03:11:03.824 - Config File: C:\Users\jiaaa\Desktop\Photon\deploy\bin_Win64\PhotonServer.config
24628: 03:11:03.826 - Will produce at most: 10 crash dumps
24628: 03:11:03.826 - Construction of service object complete
24628: 03:11:03.826 - Service shutting down
24628: 03:11:03.827 - Service shut down complete
17852: 03:17:06.220 - ---
17852: 03:17:06.220 - Service: "Photon Socket Server" starting
17852: 03:17:06.221 - Config File: C:\Users\jiaaa\Desktop\Photon\deploy\bin_Win64\PhotonServer.config
17852: 03:17:06.224 - Will produce at most: 10 crash dumps
17852: 03:17:06.224 - Construction of service object complete
17852: 03:17:06.224 - Service shutting down
17852: 03:17:06.225 - Service shut down complete
6756: 03:20:54.449 - ---
6756: 03:20:54.449 - Service: "Photon Socket Server" starting
6756: 03:20:54.450 - Config File: C:\Users\jiaaa\Desktop\Photon\deploy\bin_Win64\PhotonServer.config
6756: 03:20:54.455 - Will produce at most: 10 crash dumps
6756: 03:20:54.455 - Construction of service object complete
6756: 03:20:54.455 - Service shutting down
6756: 03:20:54.457 - Service shut down complete
33436: 03:21:51.115 - ---
33436: 03:21:51.115 - Service: "Photon Socket Server" starting
33436: 03:21:51.115 - Config File: C:\Users\jiaaa\Desktop\Photon\deploy\bin_Win64\PhotonServer.config
33436: 03:21:51.120 - Will produce at most: 10 crash dumps
33436: 03:21:51.120 - Construction of service object complete
33436: 03:21:51.120 - Service shutting down
33436: 03:21:51.122 - Service shut down complete
12004: 03:25:24.578 - ---
12004: 03:25:24.578 - Service: "Photon Socket Server" starting
12004: 03:25:24.578 - Config File: C:\Users\jiaaa\Desktop\Photon\deploy\bin_Win64\PhotonServer.config
12004: 03:25:24.581 - Will produce at most: 10 crash dumps
12004: 03:25:24.581 - Construction of service object complete
12004: 03:25:24.581 - Service shutting down
12004: 03:25:24.582 - Service shut down complete
5688: 03:32:10.219 - ---
5688: 03:32:10.219 - Service: "Photon Socket Server" starting
5688: 03:32:10.220 - Config File: C:\Users\jiaaa\Desktop\Photon\deploy\bin_Win64\PhotonServer.config
5688: 03:32:10.221 - Will produce at most: 10 crash dumps
5688: 03:32:10.221 - Construction of service object complete
5688: 03:32:10.221 - Service shutting down
5688: 03:32:10.222 - Service shut down complete
31344: 03:34:02.315 - ---
31344: 03:34:02.315 - Service: "Photon Socket Server" starting
31344: 03:34:02.315 - Config File: C:\Users\jiaaa\Desktop\Photon\deploy\bin_Win64\PhotonServer.config
31344: 03:34:02.320 - Will produce at most: 10 crash dumps
31344: 03:34:02.320 - Construction of service object complete
31344: 03:34:02.320 - Service shutting down
31344: 03:34:02.322 - Service shut down complete
36080: 03:35:35.806 - ---
36080: 03:35:35.806 - Service: "Photon Socket Server" starting
36080: 03:35:35.806 - Config File: C:\Users\jiaaa\Desktop\Photon\deploy\bin_Win64\PhotonServer.config
36080: 03:35:35.811 - Will produce at most: 10 crash dumps
36080: 03:35:35.811 - Construction of service object complete
36080: 03:35:35.811 - Service shutting down
36080: 03:35:35.813 - Service shut down complete
34016: 03:39:04.069 - ---
34016: 03:39:04.069 - Service: "Photon Socket Server" starting
34016: 03:39:04.069 - Config File: C:\Users\jiaaa\Desktop\Photon\deploy\bin_Win64\PhotonServer.config
34016: 03:39:04.073 - Will produce at most: 10 crash dumps
34016: 03:39:04.074 - Construction of service object complete
34016: 03:39:04.074 - Service shutting down
34016: 03:39:04.075 - Service shut down complete
15200: 03:40:04.285 - ---
15200: 03:40:04.285 - Service: "Photon Socket Server" starting
15200: 03:40:04.285 - Config File: C:\Users\jiaaa\Desktop\Photon\deploy\bin_Win64\PhotonServer.config
15200: 03:40:04.287 - Will produce at most: 10 crash dumps
15200: 03:40:04.287 - Construction of service object complete
15200: 03:40:04.287 - Service shutting down
15200: 03:40:04.289 - Service shut down complete
35400: 03:41:55.009 - ---
35400: 03:41:55.010 - Service: "Photon Socket Server" starting
35400: 03:41:55.010 - Config File: C:\Users\jiaaa\Desktop\Photon\deploy\bin_Win64\PhotonServer.config
35400: 03:41:55.013 - Will produce at most: 10 crash dumps
35400: 03:41:55.013 - Construction of service object complete
35400: 03:41:55.013 - Service shutting down
35400: 03:41:55.015 - Service shut down complete
26108: 04:16:05.105 - ---
26108: 04:16:05.105 - Service: "Photon Socket Server" starting
26108: 04:16:05.105 - Config File: C:\Users\jiaaa\Desktop\Photon\deploy\bin_Win64\PhotonServer.config
26108: 04:16:05.110 - Will produce at most: 10 crash dumps
26108: 04:16:05.110 - Construction of service object complete
26108: 04:16:05.110 - Service shutting down
26108: 04:16:05.111 - Service shut down complete
36688: 04:18:11.472 - ---
36688: 04:18:11.472 - Service: "Photon Socket Server" starting
36688: 04:18:11.472 - Config File: C:\Users\jiaaa\Desktop\Photon\deploy\bin_Win64\PhotonServer.config
36688: 04:18:11.477 - Will produce at most: 10 crash dumps
36688: 04:18:11.477 - Construction of service object complete
36688: 04:18:11.477 - Service shutting down
36688: 04:18:11.479 - Service shut down complete
23188: 04:21:11.519 - ---
23188: 04:21:11.519 - Service: "Photon Socket Server" starting
23188: 04:21:11.519 - Config File: C:\Users\jiaaa\Desktop\Photon\deploy\bin_Win64\PhotonServer.config
23188: 04:21:11.524 - Will produce at most: 10 crash dumps
23188: 04:21:11.524 - Construction of service object complete
23188: 04:21:11.524 - Service shutting down
23188: 04:21:11.527 - Service shut down complete
27304: 04:21:55.439 - ---
27304: 04:21:55.439 - Service: "Photon Socket Server" starting
27304: 04:21:55.439 - Config File: C:\Users\jiaaa\Desktop\Photon\deploy\bin_Win64\PhotonServer.config
27304: 04:21:55.443 - Will produce at most: 10 crash dumps
27304: 04:21:55.443 - Construction of service object complete
27304: 04:21:55.443 - Service shutting down
27304: 04:21:55.444 - Service shut down complete
29860: 04:29:35.986 - ---
29860: 04:29:35.986 - Service: "Photon Socket Server" starting
29860: 04:29:35.987 - Config File: C:\Users\jiaaa\Desktop\Photon\deploy\bin_Win64\PhotonServer.config
29860: 04:29:35.989 - Will produce at most: 10 crash dumps
29860: 04:29:35.989 - Construction of service object complete
29860: 04:29:35.989 - Service shutting down
29860: 04:29:35.990 - Service shut down complete
32276: 04:32:22.136 - ---
32276: 04:32:22.136 - Service: "Photon Socket Server" starting
32276: 04:32:22.136 - Config File: C:\Users\jiaaa\Desktop\Photon\deploy\bin_Win64\PhotonServer.config
32276: 04:32:22.141 - Will produce at most: 10 crash dumps
32276: 04:32:22.141 - Construction of service object complete
32276: 04:32:22.141 - Service shutting down
32276: 04:32:22.144 - Service shut down complete
35656: 04:36:07.216 - ---
35656: 04:36:07.216 - Service: "Photon Socket Server" starting
35656: 04:36:07.216 - Config File: C:\Users\jiaaa\Desktop\Photon\deploy\bin_Win64\PhotonServer.config
35656: 04:36:07.221 - Will produce at most: 10 crash dumps
35656: 04:36:07.221 - Construction of service object complete
35656: 04:36:07.221 - Service shutting down
35656: 04:36:07.223 - Service shut down complete
35572: 04:36:49.743 - ---
35572: 04:36:49.744 - Service: "Photon Socket Server" starting
35572: 04:36:49.744 - Config File: C:\Users\jiaaa\Desktop\Photon\deploy\bin_Win64\PhotonServer.config
35572: 04:36:49.748 - Will produce at most: 10 crash dumps
35572: 04:36:49.748 - Construction of service object complete
35572: 04:36:49.748 - Service shutting down
35572: 04:36:49.751 - Service shut down complete
26244: 04:38:11.943 - ---
26244: 04:38:11.943 - Service: "Photon Socket Server" starting
26244: 04:38:11.943 - Config File: C:\Users\jiaaa\Desktop\Photon\deploy\bin_Win64\PhotonServer.config
26244: 04:38:11.947 - Will produce at most: 10 crash dumps
26244: 04:38:11.947 - Construction of service object complete
26244: 04:38:11.947 - Service shutting down
26244: 04:38:11.951 - Service shut down complete
21956: 04:41:17.267 - ---
21956: 04:41:17.267 - Service: "Photon Socket Server" starting
21956: 04:41:17.267 - Config File: C:\Users\jiaaa\Desktop\Photon\deploy\bin_Win64\PhotonServer.config
21956: 04:41:17.269 - Will produce at most: 10 crash dumps
21956: 04:41:17.269 - Construction of service object complete
21956: 04:41:17.269 - Service shutting down
21956: 04:41:17.270 - Service shut down complete
22448: 04:43:53.132 - ---
22448: 04:43:53.132 - Service: "Photon Socket Server" starting
22448: 04:43:53.132 - Config File: C:\Users\jiaaa\Desktop\Photon\deploy\bin_Win64\PhotonServer.config
22448: 04:43:53.134 - Will produce at most: 10 crash dumps
22448: 04:43:53.134 - Construction of service object complete
22448: 04:43:53.134 - Service shutting down
22448: 04:43:53.135 - Service shut down complete
11772: 13:44:32.316 - ---
11772: 13:44:32.316 - Service: "Photon Socket Server" starting
11772: 13:44:32.316 - Config File: C:\Users\jiaaa\Desktop\Photon\deploy\bin_Win64\PhotonServer.config
11772: 13:44:32.321 - Will produce at most: 10 crash dumps
11772: 13:44:32.321 - Construction of service object complete
11772: 13:44:32.321 - Service shutting down
11772: 13:44:32.323 - Service shut down complete
18728: 13:48:44.604 - ---
18728: 13:48:44.604 - Service: "Photon Socket Server" starting
18728: 13:48:44.604 - Config File: C:\Users\jiaaa\Desktop\Photon\deploy\bin_Win64\PhotonServer.config
18728: 13:48:44.609 - Will produce at most: 10 crash dumps
18728: 13:48:44.609 - Construction of service object complete
18728: 13:48:44.609 - Service shutting down
18728: 13:48:44.611 - Service shut down complete
25432: 14:37:33.672 - ---
25432: 14:37:33.672 - Service: "Photon Socket Server" starting
25432: 14:37:33.672 - Config File: C:\Users\jiaaa\Desktop\Photon\deploy\bin_Win64\PhotonServer.config
25432: 14:37:33.674 - Will produce at most: 10 crash dumps
25432: 14:37:33.674 - Construction of service object complete
25432: 14:37:33.674 - Service shutting down
25432: 14:37:33.677 - Service shut down complete
