11104: 14:59:20.724 - ---
11104: 14:59:20.724 - Service: "Photon Socket Server" starting
11104: 14:59:20.724 - Config File: C:\Users\jiaaa\Desktop\Photon\deploy\bin_Win64\PhotonServer.config
11104: 14:59:20.733 - Will produce at most: 10 crash dumps
11104: 14:59:20.733 - Construction of service object complete
11104: 14:59:20.733 - Service shutting down
11104: 14:59:20.738 - Service shut down complete
2192: 23:05:58.183 - ---
2192: 23:05:58.183 - Service: "Photon Socket Server" starting
2192: 23:05:58.183 - Config File: C:\Users\jiaaa\Desktop\Photon\deploy\bin_Win64\PhotonServer.config
2192: 23:05:58.187 - Will produce at most: 10 crash dumps
2192: 23:05:58.187 - Construction of service object complete
2192: 23:05:58.187 - Service shutting down
2192: 23:05:58.189 - Service shut down complete
7136: 23:20:03.449 - ---
7136: 23:20:03.449 - Service: "Photon Socket Server" starting
7136: 23:20:03.450 - Config File: C:\Users\jiaaa\Desktop\Photon\deploy\bin_Win64\PhotonServer.config
7136: 23:20:03.455 - Will produce at most: 10 crash dumps
7136: 23:20:03.455 - Construction of service object complete
7136: 23:20:03.455 - Service shutting down
7136: 23:20:03.458 - Service shut down complete
28704: 23:26:37.630 - ---
28704: 23:26:37.630 - Service: "Photon Socket Server" starting
28704: 23:26:37.631 - Config File: C:\Users\jiaaa\Desktop\Photon\deploy\bin_Win64\PhotonServer.config
28704: 23:26:37.635 - Will produce at most: 10 crash dumps
28704: 23:26:37.635 - Construction of service object complete
28704: 23:26:37.635 - Service shutting down
28704: 23:26:37.639 - Service shut down complete
30608: 23:41:58.921 - ---
30608: 23:41:58.921 - Service: "Photon Socket Server" starting
30608: 23:41:58.922 - Config File: C:\Users\jiaaa\Desktop\Photon\deploy\bin_Win64\PhotonServer.config
30608: 23:41:58.925 - Will produce at most: 10 crash dumps
30608: 23:41:58.925 - Construction of service object complete
30608: 23:41:58.925 - Service shutting down
30608: 23:41:58.928 - Service shut down complete
11352: 23:45:57.321 - ---
11352: 23:45:57.321 - Service: "Photon Socket Server" starting
11352: 23:45:57.321 - Config File: C:\Users\jiaaa\Desktop\Photon\deploy\bin_Win64\PhotonServer.config
11352: 23:45:57.325 - Will produce at most: 10 crash dumps
11352: 23:45:57.325 - Construction of service object complete
11352: 23:45:57.325 - Service shutting down
11352: 23:45:57.328 - Service shut down complete
15820: 23:46:51.779 - ---
15820: 23:46:51.779 - Service: "Photon Socket Server" starting
15820: 23:46:51.779 - Config File: C:\Users\jiaaa\Desktop\Photon\deploy\bin_Win64\PhotonServer.config
15820: 23:46:51.783 - Will produce at most: 10 crash dumps
15820: 23:46:51.784 - Construction of service object complete
15820: 23:46:51.784 - Service shutting down
15820: 23:46:51.786 - Service shut down complete
9836: 23:49:22.656 - ---
9836: 23:49:22.656 - Service: "Photon Socket Server" starting
9836: 23:49:22.656 - Config File: C:\Users\jiaaa\Desktop\Photon\deploy\bin_Win64\PhotonServer.config
9836: 23:49:22.662 - Will produce at most: 10 crash dumps
9836: 23:49:22.662 - Construction of service object complete
9836: 23:49:22.662 - Service shutting down
9836: 23:49:22.666 - Service shut down complete
5100: 23:53:53.734 - ---
5100: 23:53:53.734 - Service: "Photon Socket Server" starting
5100: 23:53:53.734 - Config File: C:\Users\jiaaa\Desktop\Photon\deploy\bin_Win64\PhotonServer.config
5100: 23:53:53.739 - Will produce at most: 10 crash dumps
5100: 23:53:53.739 - Construction of service object complete
5100: 23:53:53.739 - Service shutting down
5100: 23:53:53.742 - Service shut down complete
7672: 23:56:00.927 - ---
7672: 23:56:00.927 - Service: "Photon Socket Server" starting
7672: 23:56:00.927 - Config File: C:\Users\jiaaa\Desktop\Photon\deploy\bin_Win64\PhotonServer.config
7672: 23:56:00.932 - Will produce at most: 10 crash dumps
7672: 23:56:00.932 - Construction of service object complete
7672: 23:56:00.932 - Service shutting down
7672: 23:56:00.934 - Service shut down complete
27416: 23:59:57.835 - ---
27416: 23:59:57.835 - Service: "Photon Socket Server" starting
27416: 23:59:57.835 - Config File: C:\Users\jiaaa\Desktop\Photon\deploy\bin_Win64\PhotonServer.config
27416: 23:59:57.839 - Will produce at most: 10 crash dumps
27416: 23:59:57.839 - Construction of service object complete
27416: 23:59:57.839 - Service shutting down
27416: 23:59:57.841 - Service shut down complete
